0 info it worked if it ends with ok
1 verbose cli [ 'node', '/usr/local/bin/npm', 'publish', './' ]
2 info using npm@2.7.5
3 info using node@v0.12.2
4 verbose node symlink /usr/local/bin/node
5 verbose publish [ './' ]
6 silly cache add args [ './', null ]
7 verbose cache add spec ./
8 silly cache add parsed spec { raw: './',
8 silly cache add   scope: null,
8 silly cache add   name: null,
8 silly cache add   rawSpec: './',
8 silly cache add   spec: '/Users/brianswisher/dev/vunit',
8 silly cache add   type: 'directory' }
9 verbose addLocalDirectory /Users/brianswisher/.npm/vunit/1.0.0/package.tgz not in flight; packing
10 verbose tar pack [ '/Users/brianswisher/.npm/vunit/1.0.0/package.tgz',
10 verbose tar pack   '/Users/brianswisher/dev/vunit' ]
11 verbose tarball /Users/brianswisher/.npm/vunit/1.0.0/package.tgz
12 verbose folder /Users/brianswisher/dev/vunit
13 info prepublish vunit@1.0.0
14 verbose addLocalTarball adding from inside cache /Users/brianswisher/.npm/vunit/1.0.0/package.tgz
15 silly cache afterAdd vunit@1.0.0
16 verbose afterAdd /Users/brianswisher/.npm/vunit/1.0.0/package/package.json not in flight; writing
17 verbose afterAdd /Users/brianswisher/.npm/vunit/1.0.0/package/package.json written
18 silly publish { name: 'vunit',
18 silly publish   version: '1.0.0',
18 silly publish   description: 'viewport unit utility',
18 silly publish   main: 'vunit.js',
18 silly publish   scripts: { test: 'echo "Error: no test specified" && exit 1' },
18 silly publish   author: { name: 'Brian Swisher' },
18 silly publish   license: 'ISC',
18 silly publish   readme: '# vunit\n## viewport unit utility\n\n\n### install\n```bash\nnpm i vunit --save\n```\n\n### usage\n```javascript\nvar Vunit require("vunit");\nvar px = new Vunit(375, "w");\nlet styles = {\n  container: {\n    width: px(275)\n  }\n}\n```\n',
18 silly publish   readmeFilename: 'README.md',
18 silly publish   gitHead: 'e1885f10f4081bae80a436436d5a1b85aa26ccdb',
18 silly publish   _id: 'vunit@1.0.0',
18 silly publish   _shasum: 'a08f655e6bd9065b2beef66e7141cb8c12a35363',
18 silly publish   _from: '.' }
19 silly mapToRegistry name vunit
20 silly mapToRegistry using default registry
21 silly mapToRegistry registry https://registry.npmjs.org/
22 silly mapToRegistry uri https://registry.npmjs.org/vunit
23 verbose publish registryBase https://registry.npmjs.org/
24 silly publish uploading /Users/brianswisher/.npm/vunit/1.0.0/package.tgz
25 verbose request uri https://registry.npmjs.org/vunit
26 verbose request sending authorization for write operation
27 info attempt registry request try #1 at 20:13:51
28 verbose request using bearer token for auth
29 verbose request id 8c032eb31b141e31
30 http request PUT https://registry.npmjs.org/vunit
31 http 403 https://registry.npmjs.org/vunit
32 verbose headers { 'content-type': 'application/json',
32 verbose headers   'cache-control': 'max-age=60',
32 verbose headers   'content-length': '95',
32 verbose headers   'accept-ranges': 'bytes',
32 verbose headers   date: 'Tue, 13 Oct 2015 03:13:51 GMT',
32 verbose headers   via: '1.1 varnish',
32 verbose headers   connection: 'keep-alive',
32 verbose headers   'x-served-by': 'cache-sjc3131-SJC',
32 verbose headers   'x-cache': 'MISS',
32 verbose headers   'x-cache-hits': '0',
32 verbose headers   'x-timer': 'S1444706031.133769,VS0,VE169' }
33 verbose request invalidating /Users/brianswisher/.npm/registry.npmjs.org/vunit on PUT
34 error publish Failed PUT 403
35 verbose stack Error: "You cannot publish over the previously published version 1.0.0." : vunit
35 verbose stack     at CachingRegistryClient.<anonymous> (/usr/local/lib/node_modules/npm/node_modules/npm-registry-client/lib/request.js:247:14)
35 verbose stack     at Request._callback (/usr/local/lib/node_modules/npm/node_modules/npm-registry-client/lib/request.js:170:14)
35 verbose stack     at Request.self.callback (/usr/local/lib/node_modules/npm/node_modules/request/request.js:360:22)
35 verbose stack     at Request.emit (events.js:110:17)
35 verbose stack     at Request.<anonymous> (/usr/local/lib/node_modules/npm/node_modules/request/request.js:1202:14)
35 verbose stack     at Request.emit (events.js:129:20)
35 verbose stack     at IncomingMessage.<anonymous> (/usr/local/lib/node_modules/npm/node_modules/request/request.js:1150:12)
35 verbose stack     at IncomingMessage.emit (events.js:129:20)
35 verbose stack     at _stream_readable.js:908:16
35 verbose stack     at process._tickCallback (node.js:355:11)
36 verbose statusCode 403
37 verbose pkgid vunit
38 verbose cwd /Users/brianswisher/dev/vunit
39 error Darwin 13.4.0
40 error argv "node" "/usr/local/bin/npm" "publish" "./"
41 error node v0.12.2
42 error npm  v2.7.5
43 error code E403
44 error "You cannot publish over the previously published version 1.0.0." : vunit
45 error If you need help, you may report this error at:
45 error     <https://github.com/npm/npm/issues>
46 verbose exit [ 1, true ]
